生成启动时间为 2015/11/8 15:01:20。
     1>项目“F:\cocos\cocos2d-1.0.1-x-0.13.0-beta\cocos2d-1.0.1-x-0.13.0-beta\HelloWorld\win32\HelloWorld.win32.vcxproj”在节点 2 上(Build 个目标)。
     1>ClCompile:
         C:\Program Files (x86)\Microsoft Visual Studio 12.0\VC\bin\CL.exe /c /I"F:\cocos\cocos2d-1.0.1-x-0.13.0-beta\cocos2d-1.0.1-x-0.13.0-beta\cocos2dx\platform" /I"F:\cocos\cocos2d-1.0.1-x-0.13.0-beta\cocos2d-1.0.1-x-0.13.0-beta\cocos2dx\include" /I"F:\cocos\cocos2d-1.0.1-x-0.13.0-beta\cocos2d-1.0.1-x-0.13.0-beta\cocos2dx" /I"F:\cocos\cocos2d-1.0.1-x-0.13.0-beta\cocos2d-1.0.1-x-0.13.0-beta\cocos2dx\platform\third_party\win32\OGLES" /I..\Classes /ZI /nologo /W3 /WX- /Od /Oy- /D WIN32 /D _DEBUG /D _WINDOWS /D _UNICODE /D UNICODE /Gm /EHsc /RTC1 /MDd /GS /fp:precise /Zc:wchar_t /Zc:forScope /Fo"Debug.win32\\" /Fd"Debug.win32\vc120.pdb" /Gd /TP /analyze- /errorReport:prompt ..\Classes\AppDelegate.cpp
         AppDelegate.cpp
     1>f:\cocos\cocos2d-1.0.1-x-0.13.0-beta\cocos2d-1.0.1-x-0.13.0-beta\cocos2dx\include\ccanimation.h(49): warning C4251: “cocos2d::CCAnimation::m_nameStr”: class“std::basic_string<char,std::char_traits<char>,std::allocator<char>>”需要有 dll 接口由 class“cocos2d::CCAnimation”的客户端使用
     1>f:\cocos\cocos2d-1.0.1-x-0.13.0-beta\cocos2d-1.0.1-x-0.13.0-beta\cocos2dx\include\ccuserdefault.h(113): warning C4251: “cocos2d::CCUserDefault::m_sFilePath”: class“std::basic_string<char,std::char_traits<char>,std::allocator<char>>”需要有 dll 接口由 class“cocos2d::CCUserDefault”的客户端使用
     1>f:\cocos\cocos2d-1.0.1-x-0.13.0-beta\cocos2d-1.0.1-x-0.13.0-beta\cocos2dx\include\ccmenuitem.h(194): warning C4251: “cocos2d::CCMenuItemFont::m_strFontName”: class“std::basic_string<char,std::char_traits<char>,std::allocator<char>>”需要有 dll 接口由 class“cocos2d::CCMenuItemFont”的客户端使用
     1>f:\cocos\cocos2d-1.0.1-x-0.13.0-beta\cocos2d-1.0.1-x-0.13.0-beta\cocos2dx\include\ccstring.h(36): warning C4251: “cocos2d::CCString::m_sString”: class“std::basic_string<char,std::char_traits<char>,std::allocator<char>>”需要有 dll 接口由 class“cocos2d::CCString”的客户端使用
     1>f:\cocos\cocos2d-1.0.1-x-0.13.0-beta\cocos2d-1.0.1-x-0.13.0-beta\cocos2dx\include\ccparticlesystem.h(173): warning C4251: “cocos2d::CCParticleSystem::m_sPlistFile”: class“std::basic_string<char,std::char_traits<char>,std::allocator<char>>”需要有 dll 接口由 class“cocos2d::CCParticleSystem”的客户端使用
     1>f:\cocos\cocos2d-1.0.1-x-0.13.0-beta\cocos2d-1.0.1-x-0.13.0-beta\cocos2dx\include\cclabelatlas.h(68): warning C4251: “cocos2d::CCLabelAtlas::m_sString”: class“std::basic_string<char,std::char_traits<char>,std::allocator<char>>”需要有 dll 接口由 class“cocos2d::CCLabelAtlas”的客户端使用
     1>f:\cocos\cocos2d-1.0.1-x-0.13.0-beta\cocos2d-1.0.1-x-0.13.0-beta\cocos2dx\include\cclabelbmfont.h(92): warning C4251: “cocos2d::CCBMFontConfiguration::m_sAtlasName”: class“std::basic_string<char,std::char_traits<char>,std::allocator<char>>”需要有 dll 接口由 class“cocos2d::CCBMFontConfiguration”的客户端使用
     1>f:\cocos\cocos2d-1.0.1-x-0.13.0-beta\cocos2d-1.0.1-x-0.13.0-beta\cocos2dx\include\cclabelbmfont.h(155): warning C4251: “cocos2d::CCLabelBMFont::m_sString_initial”: class“std::basic_string<char,std::char_traits<char>,std::allocator<char>>”需要有 dll 接口由 class“cocos2d::CCLabelBMFont”的客户端使用
     1>f:\cocos\cocos2d-1.0.1-x-0.13.0-beta\cocos2d-1.0.1-x-0.13.0-beta\cocos2dx\include\cctmxobjectgroup.h(64): warning C4251: “cocos2d::CCTMXObjectGroup::m_sGroupName”: class“std::basic_string<char,std::char_traits<char>,std::allocator<char>>”需要有 dll 接口由 class“cocos2d::CCTMXObjectGroup”的客户端使用
     1>f:\cocos\cocos2d-1.0.1-x-0.13.0-beta\cocos2d-1.0.1-x-0.13.0-beta\cocos2dx\include\cctmxlayer.h(155): warning C4251: “cocos2d::CCTMXLayer::m_sLayerName”: class“std::basic_string<char,std::char_traits<char>,std::allocator<char>>”需要有 dll 接口由 class“cocos2d::CCTMXLayer”的客户端使用
     1>f:\cocos\cocos2d-1.0.1-x-0.13.0-beta\cocos2d-1.0.1-x-0.13.0-beta\cocos2dx\include\cctmxxmlparser.h(76): warning C4251: “cocos2d::CCTMXLayerInfo::m_sName”: class“std::basic_string<char,std::char_traits<char>,std::allocator<char>>”需要有 dll 接口由 class“cocos2d::CCTMXLayerInfo”的客户端使用
     1>f:\cocos\cocos2d-1.0.1-x-0.13.0-beta\cocos2d-1.0.1-x-0.13.0-beta\cocos2dx\include\cctmxxmlparser.h(103): warning C4251: “cocos2d::CCTMXTilesetInfo::m_sName”: class“std::basic_string<char,std::char_traits<char>,std::allocator<char>>”需要有 dll 接口由 class“cocos2d::CCTMXTilesetInfo”的客户端使用
     1>f:\cocos\cocos2d-1.0.1-x-0.13.0-beta\cocos2d-1.0.1-x-0.13.0-beta\cocos2dx\include\cctmxxmlparser.h(109): warning C4251: “cocos2d::CCTMXTilesetInfo::m_sSourceImage”: class“std::basic_string<char,std::char_traits<char>,std::allocator<char>>”需要有 dll 接口由 class“cocos2d::CCTMXTilesetInfo”的客户端使用
     1>f:\cocos\cocos2d-1.0.1-x-0.13.0-beta\cocos2d-1.0.1-x-0.13.0-beta\cocos2dx\include\cctmxxmlparser.h(181): warning C4251: “cocos2d::CCTMXMapInfo::m_sTMXFileName”: class“std::basic_string<char,std::char_traits<char>,std::allocator<char>>”需要有 dll 接口由 class“cocos2d::CCTMXMapInfo”的客户端使用
     1>f:\cocos\cocos2d-1.0.1-x-0.13.0-beta\cocos2d-1.0.1-x-0.13.0-beta\cocos2dx\include\cctmxxmlparser.h(183): warning C4251: “cocos2d::CCTMXMapInfo::m_sCurrentString”: class“std::basic_string<char,std::char_traits<char>,std::allocator<char>>”需要有 dll 接口由 class“cocos2d::CCTMXMapInfo”的客户端使用
     1>f:\cocos\cocos2d-1.0.1-x-0.13.0-beta\cocos2d-1.0.1-x-0.13.0-beta\helloworld\classes\loginscene.h(24): warning C4584: “LoginScene”: 基类“cocos2d::CCKeypadDelegate”已是“cocos2d::CCLayer”的基类
                 f:\cocos\cocos2d-1.0.1-x-0.13.0-beta\cocos2d-1.0.1-x-0.13.0-beta\cocos2dx\include\cckeypaddelegate.h(40) : 参见“cocos2d::CCKeypadDelegate”的声明
                 f:\cocos\cocos2d-1.0.1-x-0.13.0-beta\cocos2d-1.0.1-x-0.13.0-beta\cocos2dx\include\cclayer.h(50) : 参见“cocos2d::CCLayer”的声明
       Link:
         C:\Program Files (x86)\Microsoft Visual Studio 12.0\VC\bin\link.exe /ERRORREPORT:PROMPT /OUT:"F:\cocos\cocos2d-1.0.1-x-0.13.0-beta\cocos2d-1.0.1-x-0.13.0-beta\Debug.win32\HelloWorld.exe" /INCREMENTAL /NOLOGO /LIBPATH:"F:\cocos\cocos2d-1.0.1-x-0.13.0-beta\cocos2d-1.0.1-x-0.13.0-beta\Debug.win32\\" libcocos2d.lib kernel32.lib user32.lib gdi32.lib winspool.lib comdlg32.lib advapi32.lib shell32.lib ole32.lib oleaut32.lib uuid.lib odbc32.lib odbccp32.lib /MANIFEST /MANIFESTUAC:"level='asInvoker' uiAccess='false'" /manifest:embed /DEBUG /PDB:"F:\cocos\cocos2d-1.0.1-x-0.13.0-beta\cocos2d-1.0.1-x-0.13.0-beta\Debug.win32\HelloWorld.pdb" /SUBSYSTEM:WINDOWS /TLBID:1 /DYNAMICBASE /NXCOMPAT /IMPLIB:"F:\cocos\cocos2d-1.0.1-x-0.13.0-beta\cocos2d-1.0.1-x-0.13.0-beta\Debug.win32\HelloWorld.lib" /MACHINE:X86 /SAFESEH Debug.win32\AppDelegate.obj
         Debug.win32\Bullet.obj
         Debug.win32\Cannon.obj
         Debug.win32\ControllPanel.obj
         Debug.win32\GamingLayer.obj
         Debug.win32\CsvReader.obj
         Debug.win32\MonsterData.obj
         Debug.win32\MonsterMrg.obj
         Debug.win32\PlayerData.obj
         Debug.win32\PlayerMrg.obj
         Debug.win32\HelloWorldScene.obj
         Debug.win32\LoginScene.obj
         Debug.win32\Utils.obj
         Debug.win32\XmlReader.obj
         Debug.win32\main.obj
         "F:\cocos\cocos2d-1.0.1-x-0.13.0-beta\cocos2d-1.0.1-x-0.13.0-beta\Debug.win32\libcocos2d.lib"
         HelloWorld.win32.vcxproj -> F:\cocos\cocos2d-1.0.1-x-0.13.0-beta\cocos2d-1.0.1-x-0.13.0-beta\Debug.win32\HelloWorld.exe
     1>已完成生成项目“F:\cocos\cocos2d-1.0.1-x-0.13.0-beta\cocos2d-1.0.1-x-0.13.0-beta\HelloWorld\win32\HelloWorld.win32.vcxproj”(Build 个目标)的操作。

生成成功。

已用时间 00:00:01.52
